# JRE version: OpenJDK Runtime Environment (8.0_76-b03) (build 1.8.0_76-release-b03)
# Java VM: OpenJDK 64-Bit Server VM (25.76-b03 mixed mode windows-amd64 compressed oops)
Heap:
 PSYoungGen      total 356352K, used 216064K [0x00000000e0000000, 0x00000000fed00000, 0x0000000100000000)
  eden space 216064K, 100% used [0x00000000e0000000,0x00000000ed300000,0x00000000ed300000)
  from space 140288K, 0% used [0x00000000f6400000,0x00000000f6400000,0x00000000fed00000)
  to   space 144384K, 0% used [0x00000000ed300000,0x00000000ed300000,0x00000000f6000000)
 ParOldGen       total 1048576K, used 1048511K [0x00000000a0000000, 0x00000000e0000000, 0x00000000e0000000)
  object space 1048576K, 99% used [0x00000000a0000000,0x00000000dffefe48,0x00000000e0000000)
 Metaspace       used 113781K, capacity 119136K, committed 130608K, reserved 1163264K
  class space    used 13442K, capacity 14198K, committed 16688K, reserved 1048576K
GC Heap History (10 events):
Event: 5544.392 GC heap before
{Heap before GC invocations=161 (full 27):
 PSYoungGen      total 360448K, used 345708K [0x00000000e0000000, 0x00000000fed00000, 0x0000000100000000)
  eden space 216064K, 100% used [0x00000000e0000000,0x00000000ed300000,0x00000000ed300000)
  from space 144384K, 89% used [0x00000000ed300000,0x00000000f519b070,0x00000000f6000000)
  to   space 140288K, 0% used [0x00000000f6400000,0x00000000f6400000,0x00000000fed00000)
 ParOldGen       total 1048576K, used 819679K [0x00000000a0000000, 0x00000000e0000000, 0x00000000e0000000)
  object space 1048576K, 78% used [0x00000000a0000000,0x00000000d2077d08,0x00000000e0000000)
 Metaspace       used 113449K, capacity 118816K, committed 130608K, reserved 1163264K
  class space    used 13427K, capacity 14198K, committed 16688K, reserved 1048576K
Event: 5544.755 GC heap after
Heap after GC invocations=161 (full 27):
 PSYoungGen      total 356352K, used 126088K [0x00000000e0000000, 0x00000000fed00000, 0x0000000100000000)
  eden space 216064K, 0% used [0x00000000e0000000,0x00000000e0000000,0x00000000ed300000)
  from space 140288K, 89% used [0x00000000f6400000,0x00000000fdf22180,0x00000000fed00000)
  to   space 144384K, 0% used [0x00000000ed300000,0x00000000ed300000,0x00000000f6000000)
 ParOldGen       total 1048576K, used 853797K [0x00000000a0000000, 0x00000000e0000000, 0x00000000e0000000)
  object space 1048576K, 81% used [0x00000000a0000000,0x00000000d41c94b8,0x00000000e0000000)
 Metaspace       used 113449K, capacity 118816K, committed 130608K, reserved 1163264K
  class space    used 13427K, capacity 14198K, committed 16688K, reserved 1048576K
}
Event: 5545.301 GC heap before
{Heap before GC invocations=162 (full 27):
 PSYoungGen      total 356352K, used 342152K [0x00000000e0000000, 0x00000000fed00000, 0x0000000100000000)
  eden space 216064K, 100% used [0x00000000e0000000,0x00000000ed300000,0x00000000ed300000)
  from space 140288K, 89% used [0x00000000f6400000,0x00000000fdf22180,0x00000000fed00000)
  to   space 144384K, 0% used [0x00000000ed300000,0x00000000ed300000,0x00000000f6000000)
 ParOldGen       total 1048576K, used 853797K [0x00000000a0000000, 0x00000000e0000000, 0x00000000e0000000)
  object space 1048576K, 81% used [0x00000000a0000000,0x00000000d41c94b8,0x00000000e0000000)
 Metaspace       used 113450K, capacity 118816K, committed 130608K, reserved 1163264K
  class space    used 13427K, capacity 14198K, committed 16688K, reserved 1048576K
Event: 5545.672 GC heap after
Heap after GC invocations=162 (full 27):
 PSYoungGen      total 360448K, used 94029K [0x00000000e0000000, 0x00000000fed00000, 0x0000000100000000)
  eden space 216064K, 0% used [0x00000000e0000000,0x00000000e0000000,0x00000000ed300000)
  from space 144384K, 65% used [0x00000000ed300000,0x00000000f2ed3720,0x00000000f6000000)
  to   space 140288K, 0% used [0x00000000f6400000,0x00000000f6400000,0x00000000fed00000)
 ParOldGen       total 1048576K, used 917637K [0x00000000a0000000, 0x00000000e0000000, 0x00000000e0000000)
  object space 1048576K, 87% used [0x00000000a0000000,0x00000000d8021490,0x00000000e0000000)
 Metaspace       used 113450K, capacity 118816K, committed 130608K, reserved 1163264K
  class space    used 13427K, capacity 14198K, committed 16688K, reserved 1048576K
}
Event: 5546.189 GC heap before
{Heap before GC invocations=163 (full 27):
 PSYoungGen      total 360448K, used 310093K [0x00000000e0000000, 0x00000000fed00000, 0x0000000100000000)
  eden space 216064K, 100% used [0x00000000e0000000,0x00000000ed300000,0x00000000ed300000)
  from space 144384K, 65% used [0x00000000ed300000,0x00000000f2ed3720,0x00000000f6000000)
  to   space 140288K, 0% used [0x00000000f6400000,0x00000000f6400000,0x00000000fed00000)
 ParOldGen       total 1048576K, used 917637K [0x00000000a0000000, 0x00000000e0000000, 0x00000000e0000000)
  object space 1048576K, 87% used [0x00000000a0000000,0x00000000d8021490,0x00000000e0000000)
 Metaspace       used 113451K, capacity 118816K, committed 130608K, reserved 1163264K
  class space    used 13427K, capacity 14198K, committed 16688K, reserved 1048576K
Event: 5546.462 GC heap after
Heap after GC invocations=163 (full 27):
 PSYoungGen      total 356352K, used 64129K [0x00000000e0000000, 0x00000000fed00000, 0x0000000100000000)
  eden space 216064K, 0% used [0x00000000e0000000,0x00000000e0000000,0x00000000ed300000)
  from space 140288K, 45% used [0x00000000f6400000,0x00000000fa2a05f0,0x00000000fed00000)
  to   space 144384K, 0% used [0x00000000ed300000,0x00000000ed300000,0x00000000f6000000)
 ParOldGen       total 1048576K, used 979281K [0x00000000a0000000, 0x00000000e0000000, 0x00000000e0000000)
  object space 1048576K, 93% used [0x00000000a0000000,0x00000000dbc544a8,0x00000000e0000000)
 Metaspace       used 113451K, capacity 118816K, committed 130608K, reserved 1163264K
  class space    used 13427K, capacity 14198K, committed 16688K, reserved 1048576K
}
Event: 5546.463 GC heap before
{Heap before GC invocations=164 (full 28):
 PSYoungGen      total 356352K, used 64129K [0x00000000e0000000, 0x00000000fed00000, 0x0000000100000000)
  eden space 216064K, 0% used [0x00000000e0000000,0x00000000e0000000,0x00000000ed300000)
  from space 140288K, 45% used [0x00000000f6400000,0x00000000fa2a05f0,0x00000000fed00000)
  to   space 144384K, 0% used [0x00000000ed300000,0x00000000ed300000,0x00000000f6000000)
 ParOldGen       total 1048576K, used 979281K [0x00000000a0000000, 0x00000000e0000000, 0x00000000e0000000)
  object space 1048576K, 93% used [0x00000000a0000000,0x00000000dbc544a8,0x00000000e0000000)
 Metaspace       used 113451K, capacity 118816K, committed 130608K, reserved 1163264K
  class space    used 13427K, capacity 14198K, committed 16688K, reserved 1048576K
Event: 5558.557 GC heap after
Heap after GC invocations=164 (full 28):
 PSYoungGen      total 356352K, used 0K [0x00000000e0000000, 0x00000000fed00000, 0x0000000100000000)
  eden space 216064K, 0% used [0x00000000e0000000,0x00000000e0000000,0x00000000ed300000)
  from space 140288K, 0% used [0x00000000f6400000,0x00000000f6400000,0x00000000fed00000)
  to   space 144384K, 0% used [0x00000000ed300000,0x00000000ed300000,0x00000000f6000000)
 ParOldGen       total 1048576K, used 1025675K [0x00000000a0000000, 0x00000000e0000000, 0x00000000e0000000)
  object space 1048576K, 97% used [0x00000000a0000000,0x00000000de9a2d48,0x00000000e0000000)
 Metaspace       used 113451K, capacity 118816K, committed 130608K, reserved 1163264K
  class space    used 13427K, capacity 14198K, committed 16688K, reserved 1048576K
}
Event: 5559.040 GC heap before
{Heap before GC invocations=165 (full 29):
 PSYoungGen      total 356352K, used 216064K [0x00000000e0000000, 0x00000000fed00000, 0x0000000100000000)
  eden space 216064K, 100% used [0x00000000e0000000,0x00000000ed300000,0x00000000ed300000)
  from space 140288K, 0% used [0x00000000f6400000,0x00000000f6400000,0x00000000fed00000)
  to   space 144384K, 0% used [0x00000000ed300000,0x00000000ed300000,0x00000000f6000000)
 ParOldGen       total 1048576K, used 1025675K [0x00000000a0000000, 0x00000000e0000000, 0x00000000e0000000)
  object space 1048576K, 97% used [0x00000000a0000000,0x00000000de9a2d48,0x00000000e0000000)
 Metaspace       used 113451K, capacity 118816K, committed 130608K, reserved 1163264K
  class space    used 13427K, capacity 14198K, committed 16688K, reserved 1048576K
Event: 5566.167 GC heap after
Heap after GC invocations=165 (full 29):
 PSYoungGen      total 356352K, used 6573K [0x00000000e0000000, 0x00000000fed00000, 0x0000000100000000)
  eden space 216064K, 3% used [0x00000000e0000000,0x00000000e066b478,0x00000000ed300000)
  from space 140288K, 0% used [0x00000000f6400000,0x00000000f6400000,0x00000000fed00000)
  to   space 144384K, 0% used [0x00000000ed300000,0x00000000ed300000,0x00000000f6000000)
 ParOldGen       total 1048576K, used 1048511K [0x00000000a0000000, 0x00000000e0000000, 0x00000000e0000000)
  object space 1048576K, 99% used [0x00000000a0000000,0x00000000dffefe48,0x00000000e0000000)
 Metaspace       used 113451K, capacity 118816K, committed 130608K, reserved 1163264K
  class space    used 13427K, capacity 14198K, committed 16688K, reserved 1048576K
}

