# JRE version: OpenJDK Runtime Environment (8.0_76-b03) (build 1.8.0_76-release-b03)
# Java VM: OpenJDK 64-Bit Server VM (25.76-b03 mixed mode windows-amd64 compressed oops)
Heap:
 PSYoungGen      total 156160K, used 94446K [0x00000000e0000000, 0x00000000ea880000, 0x0000000100000000)
  eden space 143360K, 57% used [0x00000000e0000000,0x00000000e50af358,0x00000000e8c00000)
  from space 12800K, 92% used [0x00000000e9980000,0x00000000ea50c560,0x00000000ea600000)
  to   space 13824K, 0% used [0x00000000e8c00000,0x00000000e8c00000,0x00000000e9980000)
 ParOldGen       total 101376K, used 15302K [0x00000000a0000000, 0x00000000a6300000, 0x00000000e0000000)
  object space 101376K, 15% used [0x00000000a0000000,0x00000000a0ef1958,0x00000000a6300000)
 Metaspace       used 45582K, capacity 46734K, committed 46888K, reserved 1089536K
  class space    used 6088K, capacity 6329K, committed 6448K, reserved 1048576K
GC Heap History (10 events):
Event: 14.193 GC heap before
{Heap before GC invocations=8 (full 1):
 PSYoungGen      total 94720K, used 92703K [0x00000000e0000000, 0x00000000e6980000, 0x0000000100000000)
  eden space 87552K, 100% used [0x00000000e0000000,0x00000000e5580000,0x00000000e5580000)
  from space 7168K, 71% used [0x00000000e6280000,0x00000000e6787e58,0x00000000e6980000)
  to   space 10240K, 0% used [0x00000000e5580000,0x00000000e5580000,0x00000000e5f80000)
 ParOldGen       total 69632K, used 14024K [0x00000000a0000000, 0x00000000a4400000, 0x00000000e0000000)
  object space 69632K, 20% used [0x00000000a0000000,0x00000000a0db2340,0x00000000a4400000)
 Metaspace       used 32880K, capacity 33416K, committed 33840K, reserved 1079296K
  class space    used 4417K, capacity 4583K, committed 4656K, reserved 1048576K
Event: 14.230 GC heap after
Heap after GC invocations=8 (full 1):
 PSYoungGen      total 97792K, used 10165K [0x00000000e0000000, 0x00000000e8780000, 0x0000000100000000)
  eden space 87552K, 0% used [0x00000000e0000000,0x00000000e0000000,0x00000000e5580000)
  from space 10240K, 99% used [0x00000000e5580000,0x00000000e5f6d7d8,0x00000000e5f80000)
  to   space 11776K, 0% used [0x00000000e7c00000,0x00000000e7c00000,0x00000000e8780000)
 ParOldGen       total 69632K, used 14032K [0x00000000a0000000, 0x00000000a4400000, 0x00000000e0000000)
  object space 69632K, 20% used [0x00000000a0000000,0x00000000a0db4340,0x00000000a4400000)
 Metaspace       used 32880K, capacity 33416K, committed 33840K, reserved 1079296K
  class space    used 4417K, capacity 4583K, committed 4656K, reserved 1048576K
}
Event: 14.675 GC heap before
{Heap before GC invocations=9 (full 1):
 PSYoungGen      total 97792K, used 26615K [0x00000000e0000000, 0x00000000e8780000, 0x0000000100000000)
  eden space 87552K, 18% used [0x00000000e0000000,0x00000000e1010438,0x00000000e5580000)
  from space 10240K, 99% used [0x00000000e5580000,0x00000000e5f6d7d8,0x00000000e5f80000)
  to   space 11776K, 0% used [0x00000000e7c00000,0x00000000e7c00000,0x00000000e8780000)
 ParOldGen       total 69632K, used 14032K [0x00000000a0000000, 0x00000000a4400000, 0x00000000e0000000)
  object space 69632K, 20% used [0x00000000a0000000,0x00000000a0db4340,0x00000000a4400000)
 Metaspace       used 34528K, capacity 35052K, committed 35496K, reserved 1079296K
  class space    used 4620K, capacity 4781K, committed 4784K, reserved 1048576K
Event: 14.695 GC heap after
Heap after GC invocations=9 (full 1):
 PSYoungGen      total 126976K, used 8569K [0x00000000e0000000, 0x00000000e9200000, 0x0000000100000000)
  eden space 115200K, 0% used [0x00000000e0000000,0x00000000e0000000,0x00000000e7080000)
  from space 11776K, 72% used [0x00000000e7c00000,0x00000000e845e710,0x00000000e8780000)
  to   space 11776K, 0% used [0x00000000e7080000,0x00000000e7080000,0x00000000e7c00000)
 ParOldGen       total 69632K, used 14112K [0x00000000a0000000, 0x00000000a4400000, 0x00000000e0000000)
  object space 69632K, 20% used [0x00000000a0000000,0x00000000a0dc8368,0x00000000a4400000)
 Metaspace       used 34528K, capacity 35052K, committed 35496K, reserved 1079296K
  class space    used 4620K, capacity 4781K, committed 4784K, reserved 1048576K
}
Event: 14.695 GC heap before
{Heap before GC invocations=10 (full 2):
 PSYoungGen      total 126976K, used 8569K [0x00000000e0000000, 0x00000000e9200000, 0x0000000100000000)
  eden space 115200K, 0% used [0x00000000e0000000,0x00000000e0000000,0x00000000e7080000)
  from space 11776K, 72% used [0x00000000e7c00000,0x00000000e845e710,0x00000000e8780000)
  to   space 11776K, 0% used [0x00000000e7080000,0x00000000e7080000,0x00000000e7c00000)
 ParOldGen       total 69632K, used 14112K [0x00000000a0000000, 0x00000000a4400000, 0x00000000e0000000)
  object space 69632K, 20% used [0x00000000a0000000,0x00000000a0dc8368,0x00000000a4400000)
 Metaspace       used 34528K, capacity 35052K, committed 35496K, reserved 1079296K
  class space    used 4620K, capacity 4781K, committed 4784K, reserved 1048576K
Event: 14.856 GC heap after
Heap after GC invocations=10 (full 2):
 PSYoungGen      total 126976K, used 0K [0x00000000e0000000, 0x00000000e9200000, 0x0000000100000000)
  eden space 115200K, 0% used [0x00000000e0000000,0x00000000e0000000,0x00000000e7080000)
  from space 11776K, 0% used [0x00000000e7c00000,0x00000000e7c00000,0x00000000e8780000)
  to   space 11776K, 0% used [0x00000000e7080000,0x00000000e7080000,0x00000000e7c00000)
 ParOldGen       total 101376K, used 15286K [0x00000000a0000000, 0x00000000a6300000, 0x00000000e0000000)
  object space 101376K, 15% used [0x00000000a0000000,0x00000000a0eed958,0x00000000a6300000)
 Metaspace       used 34528K, capacity 35052K, committed 35496K, reserved 1079296K
  class space    used 4620K, capacity 4781K, committed 4784K, reserved 1048576K
}
Event: 21.028 GC heap before
{Heap before GC invocations=11 (full 2):
 PSYoungGen      total 126976K, used 115200K [0x00000000e0000000, 0x00000000e9200000, 0x0000000100000000)
  eden space 115200K, 100% used [0x00000000e0000000,0x00000000e7080000,0x00000000e7080000)
  from space 11776K, 0% used [0x00000000e7c00000,0x00000000e7c00000,0x00000000e8780000)
  to   space 11776K, 0% used [0x00000000e7080000,0x00000000e7080000,0x00000000e7c00000)
 ParOldGen       total 101376K, used 15286K [0x00000000a0000000, 0x00000000a6300000, 0x00000000e0000000)
  object space 101376K, 15% used [0x00000000a0000000,0x00000000a0eed958,0x00000000a6300000)
 Metaspace       used 41609K, capacity 42382K, committed 42920K, reserved 1087488K
  class space    used 5528K, capacity 5697K, committed 5808K, reserved 1048576K
Event: 21.045 GC heap after
Heap after GC invocations=11 (full 2):
 PSYoungGen      total 126976K, used 11125K [0x00000000e0000000, 0x00000000ea600000, 0x0000000100000000)
  eden space 115200K, 0% used [0x00000000e0000000,0x00000000e0000000,0x00000000e7080000)
  from space 11776K, 94% used [0x00000000e7080000,0x00000000e7b5d7c8,0x00000000e7c00000)
  to   space 12800K, 0% used [0x00000000e9980000,0x00000000e9980000,0x00000000ea600000)
 ParOldGen       total 101376K, used 15294K [0x00000000a0000000, 0x00000000a6300000, 0x00000000e0000000)
  object space 101376K, 15% used [0x00000000a0000000,0x00000000a0eef958,0x00000000a6300000)
 Metaspace       used 41609K, capacity 42382K, committed 42920K, reserved 1087488K
  class space    used 5528K, capacity 5697K, committed 5808K, reserved 1048576K
}
Event: 21.996 GC heap before
{Heap before GC invocations=12 (full 2):
 PSYoungGen      total 126976K, used 126325K [0x00000000e0000000, 0x00000000ea600000, 0x0000000100000000)
  eden space 115200K, 100% used [0x00000000e0000000,0x00000000e7080000,0x00000000e7080000)
  from space 11776K, 94% used [0x00000000e7080000,0x00000000e7b5d7c8,0x00000000e7c00000)
  to   space 12800K, 0% used [0x00000000e9980000,0x00000000e9980000,0x00000000ea600000)
 ParOldGen       total 101376K, used 15294K [0x00000000a0000000, 0x00000000a6300000, 0x00000000e0000000)
  object space 101376K, 15% used [0x00000000a0000000,0x00000000a0eef958,0x00000000a6300000)
 Metaspace       used 41928K, capacity 42654K, committed 43176K, reserved 1087488K
  class space    used 5545K, capacity 5737K, committed 5808K, reserved 1048576K
Event: 22.011 GC heap after
Heap after GC invocations=12 (full 2):
 PSYoungGen      total 156160K, used 11825K [0x00000000e0000000, 0x00000000ea880000, 0x0000000100000000)
  eden space 143360K, 0% used [0x00000000e0000000,0x00000000e0000000,0x00000000e8c00000)
  from space 12800K, 92% used [0x00000000e9980000,0x00000000ea50c560,0x00000000ea600000)
  to   space 13824K, 0% used [0x00000000e8c00000,0x00000000e8c00000,0x00000000e9980000)
 ParOldGen       total 101376K, used 15302K [0x00000000a0000000, 0x00000000a6300000, 0x00000000e0000000)
  object space 101376K, 15% used [0x00000000a0000000,0x00000000a0ef1958,0x00000000a6300000)
 Metaspace       used 41928K, capacity 42654K, committed 43176K, reserved 1087488K
  class space    used 5545K, capacity 5737K, committed 5808K, reserved 1048576K
}

