# JRE version: OpenJDK Runtime Environment (8.0_76-b03) (build 1.8.0_76-release-b03)
# Java VM: OpenJDK 64-Bit Server VM (25.76-b03 mixed mode windows-amd64 compressed oops)
Heap:
 PSYoungGen      total 428544K, used 351640K [0x00000000e0000000, 0x0000000100000000, 0x0000000100000000)
  eden space 381952K, 79% used [0x00000000e0000000,0x00000000f29eba98,0x00000000f7500000)
  from space 46592K, 99% used [0x00000000f7500000,0x00000000fa27a610,0x00000000fa280000)
  to   space 74752K, 0% used [0x00000000fb700000,0x00000000fb700000,0x0000000100000000)
 ParOldGen       total 205312K, used 97983K [0x00000000a0000000, 0x00000000ac880000, 0x00000000e0000000)
  object space 205312K, 47% used [0x00000000a0000000,0x00000000a5fafc90,0x00000000ac880000)
 Metaspace       used 68446K, capacity 70432K, committed 70696K, reserved 1112064K
  class space    used 8530K, capacity 8966K, committed 9008K, reserved 1048576K
GC Heap History (10 events):
Event: 240.000 GC heap before
{Heap before GC invocations=28 (full 5):
 PSYoungGen      total 319488K, used 289792K [0x00000000e0000000, 0x00000000f5d80000, 0x0000000100000000)
  eden space 289792K, 100% used [0x00000000e0000000,0x00000000f1b00000,0x00000000f1b00000)
  from space 29696K, 0% used [0x00000000f3c00000,0x00000000f3c00000,0x00000000f5900000)
  to   space 33792K, 0% used [0x00000000f1b00000,0x00000000f1b00000,0x00000000f3c00000)
 ParOldGen       total 205312K, used 41738K [0x00000000a0000000, 0x00000000ac880000, 0x00000000e0000000)
  object space 205312K, 20% used [0x00000000a0000000,0x00000000a28c2b60,0x00000000ac880000)
 Metaspace       used 67441K, capacity 69302K, committed 69544K, reserved 1110016K
  class space    used 8448K, capacity 8853K, committed 8880K, reserved 1048576K
Event: 240.028 GC heap after
Heap after GC invocations=28 (full 5):
 PSYoungGen      total 323584K, used 7760K [0x00000000e0000000, 0x00000000ff300000, 0x0000000100000000)
  eden space 289792K, 0% used [0x00000000e0000000,0x00000000e0000000,0x00000000f1b00000)
  from space 33792K, 22% used [0x00000000f1b00000,0x00000000f2294010,0x00000000f3c00000)
  to   space 72192K, 0% used [0x00000000fac80000,0x00000000fac80000,0x00000000ff300000)
 ParOldGen       total 205312K, used 41746K [0x00000000a0000000, 0x00000000ac880000, 0x00000000e0000000)
  object space 205312K, 20% used [0x00000000a0000000,0x00000000a28c4b60,0x00000000ac880000)
 Metaspace       used 67441K, capacity 69302K, committed 69544K, reserved 1110016K
  class space    used 8448K, capacity 8853K, committed 8880K, reserved 1048576K
}
Event: 246.934 GC heap before
{Heap before GC invocations=29 (full 5):
 PSYoungGen      total 323584K, used 297221K [0x00000000e0000000, 0x00000000ff300000, 0x0000000100000000)
  eden space 289792K, 99% used [0x00000000e0000000,0x00000000f1aad460,0x00000000f1b00000)
  from space 33792K, 22% used [0x00000000f1b00000,0x00000000f2294010,0x00000000f3c00000)
  to   space 72192K, 0% used [0x00000000fac80000,0x00000000fac80000,0x00000000ff300000)
 ParOldGen       total 205312K, used 41746K [0x00000000a0000000, 0x00000000ac880000, 0x00000000e0000000)
  object space 205312K, 20% used [0x00000000a0000000,0x00000000a28c4b60,0x00000000ac880000)
 Metaspace       used 67798K, capacity 69724K, committed 69800K, reserved 1110016K
  class space    used 8450K, capacity 8858K, committed 8880K, reserved 1048576K
Event: 246.947 GC heap after
Heap after GC invocations=29 (full 5):
 PSYoungGen      total 421376K, used 1632K [0x00000000e0000000, 0x00000000fe980000, 0x0000000100000000)
  eden space 358912K, 0% used [0x00000000e0000000,0x00000000e0000000,0x00000000f5e80000)
  from space 62464K, 2% used [0x00000000fac80000,0x00000000fae18000,0x00000000fe980000)
  to   space 71168K, 0% used [0x00000000f5e80000,0x00000000f5e80000,0x00000000fa400000)
 ParOldGen       total 205312K, used 46511K [0x00000000a0000000, 0x00000000ac880000, 0x00000000e0000000)
  object space 205312K, 22% used [0x00000000a0000000,0x00000000a2d6bc38,0x00000000ac880000)
 Metaspace       used 67798K, capacity 69724K, committed 69800K, reserved 1110016K
  class space    used 8450K, capacity 8858K, committed 8880K, reserved 1048576K
}
Event: 251.924 GC heap before
{Heap before GC invocations=30 (full 5):
 PSYoungGen      total 421376K, used 360544K [0x00000000e0000000, 0x00000000fe980000, 0x0000000100000000)
  eden space 358912K, 100% used [0x00000000e0000000,0x00000000f5e80000,0x00000000f5e80000)
  from space 62464K, 2% used [0x00000000fac80000,0x00000000fae18000,0x00000000fe980000)
  to   space 71168K, 0% used [0x00000000f5e80000,0x00000000f5e80000,0x00000000fa400000)
 ParOldGen       total 205312K, used 46511K [0x00000000a0000000, 0x00000000ac880000, 0x00000000e0000000)
  object space 205312K, 22% used [0x00000000a0000000,0x00000000a2d6bc38,0x00000000ac880000)
 Metaspace       used 68410K, capacity 70368K, committed 70440K, reserved 1110016K
  class space    used 8529K, capacity 8966K, committed 9008K, reserved 1048576K
Event: 251.992 GC heap after
Heap after GC invocations=30 (full 5):
 PSYoungGen      total 430080K, used 25485K [0x00000000e0000000, 0x0000000100000000, 0x0000000100000000)
  eden space 358912K, 0% used [0x00000000e0000000,0x00000000e0000000,0x00000000f5e80000)
  from space 71168K, 35% used [0x00000000f5e80000,0x00000000f7763680,0x00000000fa400000)
  to   space 67584K, 0% used [0x00000000fbe00000,0x00000000fbe00000,0x0000000100000000)
 ParOldGen       total 205312K, used 47419K [0x00000000a0000000, 0x00000000ac880000, 0x00000000e0000000)
  object space 205312K, 23% used [0x00000000a0000000,0x00000000a2e4ef68,0x00000000ac880000)
 Metaspace       used 68410K, capacity 70368K, committed 70440K, reserved 1110016K
  class space    used 8529K, capacity 8966K, committed 9008K, reserved 1048576K
}
Event: 253.445 GC heap before
{Heap before GC invocations=31 (full 5):
 PSYoungGen      total 430080K, used 384397K [0x00000000e0000000, 0x0000000100000000, 0x0000000100000000)
  eden space 358912K, 100% used [0x00000000e0000000,0x00000000f5e80000,0x00000000f5e80000)
  from space 71168K, 35% used [0x00000000f5e80000,0x00000000f7763680,0x00000000fa400000)
  to   space 67584K, 0% used [0x00000000fbe00000,0x00000000fbe00000,0x0000000100000000)
 ParOldGen       total 205312K, used 47419K [0x00000000a0000000, 0x00000000ac880000, 0x00000000e0000000)
  object space 205312K, 23% used [0x00000000a0000000,0x00000000a2e4ef68,0x00000000ac880000)
 Metaspace       used 68414K, capacity 70432K, committed 70696K, reserved 1112064K
  class space    used 8529K, capacity 8966K, committed 9008K, reserved 1048576K
Event: 253.553 GC heap after
Heap after GC invocations=31 (full 5):
 PSYoungGen      total 449536K, used 43880K [0x00000000e0000000, 0x0000000100000000, 0x0000000100000000)
  eden space 381952K, 0% used [0x00000000e0000000,0x00000000e0000000,0x00000000f7500000)
  from space 67584K, 64% used [0x00000000fbe00000,0x00000000fe8da280,0x0000000100000000)
  to   space 71168K, 0% used [0x00000000f7500000,0x00000000f7500000,0x00000000fba80000)
 ParOldGen       total 205312K, used 60099K [0x00000000a0000000, 0x00000000ac880000, 0x00000000e0000000)
  object space 205312K, 29% used [0x00000000a0000000,0x00000000a3ab0ef0,0x00000000ac880000)
 Metaspace       used 68414K, capacity 70432K, committed 70696K, reserved 1112064K
  class space    used 8529K, capacity 8966K, committed 9008K, reserved 1048576K
}
Event: 255.653 GC heap before
{Heap before GC invocations=32 (full 5):
 PSYoungGen      total 449536K, used 425832K [0x00000000e0000000, 0x0000000100000000, 0x0000000100000000)
  eden space 381952K, 100% used [0x00000000e0000000,0x00000000f7500000,0x00000000f7500000)
  from space 67584K, 64% used [0x00000000fbe00000,0x00000000fe8da280,0x0000000100000000)
  to   space 71168K, 0% used [0x00000000f7500000,0x00000000f7500000,0x00000000fba80000)
 ParOldGen       total 205312K, used 60099K [0x00000000a0000000, 0x00000000ac880000, 0x00000000e0000000)
  object space 205312K, 29% used [0x00000000a0000000,0x00000000a3ab0ef0,0x00000000ac880000)
 Metaspace       used 68420K, capacity 70432K, committed 70696K, reserved 1112064K
  class space    used 8529K, capacity 8966K, committed 9008K, reserved 1048576K
Event: 256.111 GC heap after
Heap after GC invocations=32 (full 5):
 PSYoungGen      total 428544K, used 46569K [0x00000000e0000000, 0x0000000100000000, 0x0000000100000000)
  eden space 381952K, 0% used [0x00000000e0000000,0x00000000e0000000,0x00000000f7500000)
  from space 46592K, 99% used [0x00000000f7500000,0x00000000fa27a610,0x00000000fa280000)
  to   space 74752K, 0% used [0x00000000fb700000,0x00000000fb700000,0x0000000100000000)
 ParOldGen       total 205312K, used 97983K [0x00000000a0000000, 0x00000000ac880000, 0x00000000e0000000)
  object space 205312K, 47% used [0x00000000a0000000,0x00000000a5fafc90,0x00000000ac880000)
 Metaspace       used 68420K, capacity 70432K, committed 70696K, reserved 1112064K
  class space    used 8529K, capacity 8966K, committed 9008K, reserved 1048576K
}

