# JRE version: OpenJDK Runtime Environment (8.0_76-b03) (build 1.8.0_76-release-b03)
# Java VM: OpenJDK 64-Bit Server VM (25.76-b03 mixed mode windows-amd64 compressed oops)
Heap:
 PSYoungGen      total 324096K, used 49835K [0x00000000e0000000, 0x00000000f6280000, 0x0000000100000000)
  eden space 293376K, 6% used [0x00000000e0000000,0x00000000e12acae0,0x00000000f1e80000)
  from space 30720K, 99% used [0x00000000f1e80000,0x00000000f3c7e200,0x00000000f3c80000)
  to   space 32256K, 0% used [0x00000000f3c80000,0x00000000f3c80000,0x00000000f5c00000)
 ParOldGen       total 150528K, used 107320K [0x00000000a0000000, 0x00000000a9300000, 0x00000000e0000000)
  object space 150528K, 71% used [0x00000000a0000000,0x00000000a68ce2f8,0x00000000a9300000)
 Metaspace       used 66880K, capacity 68708K, committed 68904K, reserved 1110016K
  class space    used 8324K, capacity 8718K, committed 8752K, reserved 1048576K
GC Heap History (10 events):
Event: 92.350 GC heap before
{Heap before GC invocations=25 (full 4):
 PSYoungGen      total 325632K, used 325621K [0x00000000e0000000, 0x00000000f6280000, 0x0000000100000000)
  eden space 293376K, 100% used [0x00000000e0000000,0x00000000f1e80000,0x00000000f1e80000)
  from space 32256K, 99% used [0x00000000f3c80000,0x00000000f5bfd5d8,0x00000000f5c00000)
  to   space 30720K, 0% used [0x00000000f1e80000,0x00000000f1e80000,0x00000000f3c80000)
 ParOldGen       total 150528K, used 82999K [0x00000000a0000000, 0x00000000a9300000, 0x00000000e0000000)
  object space 150528K, 55% used [0x00000000a0000000,0x00000000a510dfc0,0x00000000a9300000)
 Metaspace       used 66802K, capacity 68656K, committed 68904K, reserved 1110016K
  class space    used 8323K, capacity 8720K, committed 8752K, reserved 1048576K
Event: 92.549 GC heap after
Heap after GC invocations=25 (full 4):
 PSYoungGen      total 324096K, used 30694K [0x00000000e0000000, 0x00000000f6280000, 0x0000000100000000)
  eden space 293376K, 0% used [0x00000000e0000000,0x00000000e0000000,0x00000000f1e80000)
  from space 30720K, 99% used [0x00000000f1e80000,0x00000000f3c79b78,0x00000000f3c80000)
  to   space 32256K, 0% used [0x00000000f3c80000,0x00000000f3c80000,0x00000000f5c00000)
 ParOldGen       total 150528K, used 119361K [0x00000000a0000000, 0x00000000a9300000, 0x00000000e0000000)
  object space 150528K, 79% used [0x00000000a0000000,0x00000000a7490658,0x00000000a9300000)
 Metaspace       used 66802K, capacity 68656K, committed 68904K, reserved 1110016K
  class space    used 8323K, capacity 8720K, committed 8752K, reserved 1048576K
}
Event: 92.549 GC heap before
{Heap before GC invocations=26 (full 5):
 PSYoungGen      total 324096K, used 30694K [0x00000000e0000000, 0x00000000f6280000, 0x0000000100000000)
  eden space 293376K, 0% used [0x00000000e0000000,0x00000000e0000000,0x00000000f1e80000)
  from space 30720K, 99% used [0x00000000f1e80000,0x00000000f3c79b78,0x00000000f3c80000)
  to   space 32256K, 0% used [0x00000000f3c80000,0x00000000f3c80000,0x00000000f5c00000)
 ParOldGen       total 150528K, used 119361K [0x00000000a0000000, 0x00000000a9300000, 0x00000000e0000000)
  object space 150528K, 79% used [0x00000000a0000000,0x00000000a7490658,0x00000000a9300000)
 Metaspace       used 66802K, capacity 68656K, committed 68904K, reserved 1110016K
  class space    used 8323K, capacity 8720K, committed 8752K, reserved 1048576K
Event: 93.704 GC heap after
Heap after GC invocations=26 (full 5):
 PSYoungGen      total 324096K, used 0K [0x00000000e0000000, 0x00000000f6280000, 0x0000000100000000)
  eden space 293376K, 0% used [0x00000000e0000000,0x00000000e0000000,0x00000000f1e80000)
  from space 30720K, 0% used [0x00000000f1e80000,0x00000000f1e80000,0x00000000f3c80000)
  to   space 32256K, 0% used [0x00000000f3c80000,0x00000000f3c80000,0x00000000f5c00000)
 ParOldGen       total 150528K, used 120756K [0x00000000a0000000, 0x00000000a9300000, 0x00000000e0000000)
  object space 150528K, 80% used [0x00000000a0000000,0x00000000a75ed1d8,0x00000000a9300000)
 Metaspace       used 66798K, capacity 68644K, committed 68904K, reserved 1110016K
  class space    used 8322K, capacity 8718K, committed 8752K, reserved 1048576K
}
Event: 97.458 GC heap before
{Heap before GC invocations=27 (full 6):
 PSYoungGen      total 324096K, used 293376K [0x00000000e0000000, 0x00000000f6280000, 0x0000000100000000)
  eden space 293376K, 100% used [0x00000000e0000000,0x00000000f1e80000,0x00000000f1e80000)
  from space 30720K, 0% used [0x00000000f1e80000,0x00000000f1e80000,0x00000000f3c80000)
  to   space 32256K, 0% used [0x00000000f3c80000,0x00000000f3c80000,0x00000000f5c00000)
 ParOldGen       total 150528K, used 120756K [0x00000000a0000000, 0x00000000a9300000, 0x00000000e0000000)
  object space 150528K, 80% used [0x00000000a0000000,0x00000000a75ed1d8,0x00000000a9300000)
 Metaspace       used 66863K, capacity 68708K, committed 68904K, reserved 1110016K
  class space    used 8323K, capacity 8718K, committed 8752K, reserved 1048576K
Event: 97.962 GC heap after
Heap after GC invocations=27 (full 6):
 PSYoungGen      total 324096K, used 0K [0x00000000e0000000, 0x00000000f6280000, 0x0000000100000000)
  eden space 293376K, 0% used [0x00000000e0000000,0x00000000e0000000,0x00000000f1e80000)
  from space 30720K, 0% used [0x00000000f1e80000,0x00000000f1e80000,0x00000000f3c80000)
  to   space 32256K, 0% used [0x00000000f3c80000,0x00000000f3c80000,0x00000000f5c00000)
 ParOldGen       total 150528K, used 74156K [0x00000000a0000000, 0x00000000a9300000, 0x00000000e0000000)
  object space 150528K, 49% used [0x00000000a0000000,0x00000000a486b138,0x00000000a9300000)
 Metaspace       used 66863K, capacity 68708K, committed 68904K, reserved 1110016K
  class space    used 8323K, capacity 8718K, committed 8752K, reserved 1048576K
}
Event: 99.601 GC heap before
{Heap before GC invocations=28 (full 6):
 PSYoungGen      total 324096K, used 293376K [0x00000000e0000000, 0x00000000f6280000, 0x0000000100000000)
  eden space 293376K, 100% used [0x00000000e0000000,0x00000000f1e80000,0x00000000f1e80000)
  from space 30720K, 0% used [0x00000000f1e80000,0x00000000f1e80000,0x00000000f3c80000)
  to   space 32256K, 0% used [0x00000000f3c80000,0x00000000f3c80000,0x00000000f5c00000)
 ParOldGen       total 150528K, used 74156K [0x00000000a0000000, 0x00000000a9300000, 0x00000000e0000000)
  object space 150528K, 49% used [0x00000000a0000000,0x00000000a486b138,0x00000000a9300000)
 Metaspace       used 66872K, capacity 68708K, committed 68904K, reserved 1110016K
  class space    used 8324K, capacity 8718K, committed 8752K, reserved 1048576K
Event: 99.685 GC heap after
Heap after GC invocations=28 (full 6):
 PSYoungGen      total 325632K, used 32246K [0x00000000e0000000, 0x00000000f6280000, 0x0000000100000000)
  eden space 293376K, 0% used [0x00000000e0000000,0x00000000e0000000,0x00000000f1e80000)
  from space 32256K, 99% used [0x00000000f3c80000,0x00000000f5bfd950,0x00000000f5c00000)
  to   space 30720K, 0% used [0x00000000f1e80000,0x00000000f1e80000,0x00000000f3c80000)
 ParOldGen       total 150528K, used 82124K [0x00000000a0000000, 0x00000000a9300000, 0x00000000e0000000)
  object space 150528K, 54% used [0x00000000a0000000,0x00000000a5033238,0x00000000a9300000)
 Metaspace       used 66872K, capacity 68708K, committed 68904K, reserved 1110016K
  class space    used 8324K, capacity 8718K, committed 8752K, reserved 1048576K
}
Event: 101.383 GC heap before
{Heap before GC invocations=29 (full 6):
 PSYoungGen      total 325632K, used 325622K [0x00000000e0000000, 0x00000000f6280000, 0x0000000100000000)
  eden space 293376K, 100% used [0x00000000e0000000,0x00000000f1e80000,0x00000000f1e80000)
  from space 32256K, 99% used [0x00000000f3c80000,0x00000000f5bfd950,0x00000000f5c00000)
  to   space 30720K, 0% used [0x00000000f1e80000,0x00000000f1e80000,0x00000000f3c80000)
 ParOldGen       total 150528K, used 82124K [0x00000000a0000000, 0x00000000a9300000, 0x00000000e0000000)
  object space 150528K, 54% used [0x00000000a0000000,0x00000000a5033238,0x00000000a9300000)
 Metaspace       used 66878K, capacity 68708K, committed 68904K, reserved 1110016K
  class space    used 8324K, capacity 8718K, committed 8752K, reserved 1048576K
Event: 101.583 GC heap after
Heap after GC invocations=29 (full 6):
 PSYoungGen      total 324096K, used 30712K [0x00000000e0000000, 0x00000000f6280000, 0x0000000100000000)
  eden space 293376K, 0% used [0x00000000e0000000,0x00000000e0000000,0x00000000f1e80000)
  from space 30720K, 99% used [0x00000000f1e80000,0x00000000f3c7e200,0x00000000f3c80000)
  to   space 32256K, 0% used [0x00000000f3c80000,0x00000000f3c80000,0x00000000f5c00000)
 ParOldGen       total 150528K, used 107320K [0x00000000a0000000, 0x00000000a9300000, 0x00000000e0000000)
  object space 150528K, 71% used [0x00000000a0000000,0x00000000a68ce2f8,0x00000000a9300000)
 Metaspace       used 66878K, capacity 68708K, committed 68904K, reserved 1110016K
  class space    used 8324K, capacity 8718K, committed 8752K, reserved 1048576K
}

